Parnac V 1.30 - Processor   7 checking in.
 
Parnac V 1.30 - Processor   8 checking in.
 
Parnac V 1.30 - Processor  20 checking in.
 
Parnac V 1.30 - Processor  22 checking in.
 
Parnac V 1.30 - Processor  23 checking in.
 
Parnac V 1.30 - Processor  27 checking in.
 
Parnac V 1.30 - Processor  32 checking in.
 
Parnac V 1.30 - Processor  33 checking in.
 
Parnac V 1.30 - Processor  34 checking in.
 
Parnac V 1.30 - Processor  35 checking in.
 
Parnac V 1.30 - Processor  38 checking in.
 
Parnac V 1.30 - Processor  40 checking in.
 
Parnac V 1.30 - Processor  41 checking in.
 
Parnac V 1.30 - Processor  42 checking in.
 
Parnac V 1.30 - Processor  44 checking in.
 
Parnac V 1.30 - Processor  49 checking in.
 
Parnac V 1.30 - Processor  51 checking in.
 
Parnac V 1.30 - Processor  52 checking in.
 
Parnac V 1.30 - Processor  53 checking in.
 
Parnac V 1.30 - Processor  54 checking in.
 
Parnac V 1.30 - Processor   0 checking in.
 
Parnac V 1.30 - Processor   1 checking in.
 
Parnac V 1.30 - Processor   2 checking in.
 
Parnac V 1.30 - Processor   3 checking in.
 
Parnac V 1.30 - Processor   4 checking in.
 
Parnac V 1.30 - Processor   5 checking in.
 
Parnac V 1.30 - Processor   6 checking in.
 
Parnac V 1.30 - Processor   9 checking in.
 
Parnac V 1.30 - Processor  10 checking in.
 
Parnac V 1.30 - Processor  11 checking in.
 
Parnac V 1.30 - Processor  12 checking in.
 
Parnac V 1.30 - Processor  13 checking in.
 
Parnac V 1.30 - Processor  14 checking in.
 
Parnac V 1.30 - Processor  15 checking in.
 
Parnac V 1.30 - Processor  16 checking in.
 
Parnac V 1.30 - Processor  17 checking in.
 
Parnac V 1.30 - Processor  18 checking in.
 
Parnac V 1.30 - Processor  19 checking in.
 
Parnac V 1.30 - Processor  21 checking in.
 
Parnac V 1.30 - Processor  24 checking in.
 
Parnac V 1.30 - Processor  25 checking in.
 
Parnac V 1.30 - Processor  26 checking in.
 
Parnac V 1.30 - Processor  28 checking in.
 
Parnac V 1.30 - Processor  29 checking in.
 
Parnac V 1.30 - Processor  30 checking in.
 
Parnac V 1.30 - Processor  31 checking in.
 
Parnac V 1.30 - Processor  36 checking in.
 
Parnac V 1.30 - Processor  37 checking in.
 
Parnac V 1.30 - Processor  43 checking in.
 
Parnac V 1.30 - Processor  45 checking in.
 
Parnac V 1.30 - Processor  46 checking in.
 
Parnac V 1.30 - Processor  47 checking in.
 
Parnac V 1.30 - Processor  48 checking in.
 
Parnac V 1.30 - Processor  50 checking in.
 
Parnac V 1.30 - Processor  55 checking in.
 
Parnac V 1.30 - Processor  39 checking in.
 
Configuration input file: ../5_Input_Files/TESTNeumann_Planewave_MultiBubble.in
 
Input file, version       1.30
 
 rho0:   0.106E+04
 c0:     0.148E+04
 mu:     0.200E-02
 P0:     0.101E+06
 fc0:    0.100E+07
 beta:   0.000E+00
 a_att:  0.000E+00
 b_att:  0.200E+01
 
 Lx:      0.220E+02
 Ly:      0.100E+02
 Lt:      0.150E+02
 Sz:      0.000E+00
 Lz:      0.200E+02
 ThetaX:  0.157E+01
 ThetaY:  0.157E+01
 ThetaT:  0.785E+00
 freq0:   0.100E+07
 Fnyq:    0.900E+01
 
 PrimSType:      4
 ContSType:     19
 FDTorder:      30
 FDXorder:      30
 Debuglvl:       5
 A-Aliasing:     T
 SupTaper:       T
 FreqTaper:      T
 Numbeams:       1
 NumIt( 1):     16
 Slicesavespecifier:     3
 Numslices:              9
 xyzslicedim( 1):    y
 xyzslicepos( 1):    -0.148E+01
 xyzslicedim( 2):    y
 xyzslicepos( 2):     0.000E+00
 xyzslicedim( 3):    y
 xyzslicepos( 3):     0.137E+01
 xyzslicedim( 4):    y
 xyzslicepos( 4):     0.823E-01
 xyzslicedim( 5):    y
 xyzslicepos( 5):    -0.206E+00
 xyzslicedim( 6):    x
 xyzslicepos( 6):     0.576E+00
 xyzslicedim( 7):    z
 xyzslicepos( 7):     0.500E+01
 xyzslicedim( 8):    z
 xyzslicepos( 8):     0.800E+01
 xyzslicedim( 9):    z
 xyzslicepos( 9):     0.100E+02
 
 Srcfilename:  none                                                                                                                            
 SrcSignType:  1
 Pstart:       0.100E+01
 Tpulse:       0.120E+02
 Twidth:       0.300E+01
 Tdelay:       0.600E+01
 Power:        2
 
 
--------------------------------------
Bubble Parameters for Marmottant Model
--------------------------------------
 
 kappa_s:    0.300E-07
 sigma_w:    0.720E-01
 sigma_R0:   0.360E-01
 gamma:      0.107E+01
 chi:        0.400E+00
 Marmottant Solver:     OP
 Normalize in:          time_and_radius
 
------------------
Cluster Parameters
------------------
 
 Distribution:          monodisperse
 Radius:                0.200E-05
 No. of Bubbles:        1000000
 [X_Bmin X_Bmax]/ Lx:   0.300E+00 0.700E+00
 [Y_Bmin Y_Bmax]/ Ly:   0.300E+00 0.700E+00
 [Z_Bmin Z_Bmax]/ Lz:   0.300E+00 0.700E+00
 Minimum Bubble Dist:   0.100E-04
 Calculate Pressure to close gridpoints
 
|Mem       0.00 |Time      0.00|   Parnac V 1.30 - Processor   0 checking in.                                                                           
|Mem       0.00 |Time      0.00|   Input file is TESTNeumann_Planewave_MultiBubble.in                                                                   
|Mem       0.00 |Time      0.00|   Input directory is ../5_Input_Files/                                                                                 
|Mem       0.00 |Time      0.00|   Output directory is ../7_Results/test_2/                                                                             
|Mem       0.00 |Time      0.00|   Temporary directory is /tmp/                                                                                         
|Mem       0.00 |Time      0.00|   No symmetry in the Y-dimension observed, no grid reduction.                                                          
|Mem       0.00 |Time      0.00|       InitSpaceFromPhysicalDims                                                                                        
|Mem       0.00 |Time      0.00|           InitGrid                                                                                                     
|Mem       0.00 |Time      0.00|               InitGridSpace                                                                                            
|Mem       0.00 |Time      0.00|               Original problem size:  270 *  268 *  122 *  242                                                         
|Mem       0.00 |Time      0.00|               The resized problem has dimensions:  279 *  280 *  126 *  250                                            
|Mem       0.00 |Time      0.00|           InitSpace                                                                                                    
|Mem       0.00 |Time      0.00|               InitGridDistrLookupTables                                                                                
|Mem       3.60 |Time      0.02|               GridInitTransforms                                                                                       
|Mem       3.60 |Time      0.03|   Variables in cBeam                                                                                                   
|Mem       3.60 |Time      0.03|       Debug information on a space                                                                                     
|Mem       3.60 |Time      0.03|         Space Identifier:            2.                                                                                
|Mem       3.60 |Time      0.03|         Y-dimension Symmetry:        F.                                                                                
|Mem       3.60 |Time      0.03|                                                                                                                        
|Mem       3.60 |Time      0.03|       Beam Tangents                                                                                                    
|Mem       3.60 |Time      0.03|         TanT:      1.000.                                                                                              
|Mem       3.60 |Time      0.03|         TanX:      0.000.                                                                                              
|Mem       3.60 |Time      0.03|         TanY:      0.000.                                                                                              
|Mem       3.60 |Time      0.03|                                                                                                                        
|Mem       3.60 |Time      0.03|       Sampling parameters                                                                                              
|Mem       3.60 |Time      0.03|         FNyq:           9.000.                                                                                         
|Mem       3.60 |Time      0.03|         delta t:        0.056.                                                                                         
|Mem       3.60 |Time      0.03|         delta x:        0.056.                                                                                         
|Mem       3.60 |Time      0.03|                                                                                                                        
|Mem       3.60 |Time      0.03|       Number of points in each dimension                                                                               
|Mem       3.60 |Time      0.03|         T:      279.                                                                                                   
|Mem       3.60 |Time      0.03|         X:      280.                                                                                                   
|Mem       3.60 |Time      0.03|         Y:      126.                                                                                                   
|Mem       3.60 |Time      0.03|         Z:      250.                                                                                                   
|Mem       3.60 |Time      0.03|                                                                                                                        
|Mem       3.60 |Time      0.03|       Beam Offset in points                                                                                            
|Mem       3.60 |Time      0.03|         StartT:        1.                                                                                              
|Mem       3.60 |Time      0.03|         StartX:     -140.                                                                                              
|Mem       3.60 |Time      0.03|         StartY:      -63.                                                                                              
|Mem       3.60 |Time      0.03|         StartZ:        1.                                                                                              
|Mem       3.60 |Time      0.03|                                                                                                                        
|Mem       3.60 |Time      0.03|       Beam index Start                                                                                                 
|Mem       3.60 |Time      0.03|         X:        0.                                                                                                   
|Mem       3.60 |Time      0.03|         Y:        0.                                                                                                   
|Mem       3.60 |Time      0.03|         Z:        0.                                                                                                   
|Mem       3.60 |Time      0.03|                                                                                                                        
|Mem       3.60 |Time      0.03|       Starting positions in mus/mm                                                                                     
|Mem       3.60 |Time      0.03|         StT:      0.056.                                                                                               
|Mem       3.60 |Time      0.03|         StX:    -11.527.                                                                                               
|Mem       3.60 |Time      0.03|         StY:     -5.187.                                                                                               
|Mem       3.60 |Time      0.03|         StZ:      0.082.                                                                                               
|Mem       3.60 |Time      0.03|                                                                                                                        
|Mem       3.60 |Time      0.03|       Beam lengths in mus/mm                                                                                           
|Mem       3.60 |Time      0.03|         Lt:     15.444.                                                                                                
|Mem       3.60 |Time      0.03|         Lx:     22.971.                                                                                                
|Mem       3.60 |Time      0.03|         Ly:     10.292.                                                                                                
|Mem       3.60 |Time      0.03|         Lz:     20.501.                                                                                                
|Mem       3.60 |Time      0.03|                                                                                                                        
|Mem       3.60 |Time      0.03|                                                                                                                        
|Mem       3.60 |Time      0.03|       InitializeSlices                                                                                                 
|Mem       3.60 |Time      0.03|               InitRRMSNorm                                                                                             
|Mem       3.60 |Time      0.03|               InitRRMSPreviousCorrection                                                                               
|Mem       3.60 |Time      0.03|   **********************************************************                                                           
|Mem       3.60 |Time      0.03|   ****** Calculate Iterative solution for Beam   0 ******                                                              
|Mem       3.60 |Time      0.03|   **********************************************************                                                           
|Mem       3.60 |Time      0.03|   Initialize Beam   0                                                                                                  
|Mem       3.60 |Time      0.03|           InitSpace                                                                                                    
|Mem       3.60 |Time      0.03|           InitGrid                                                                                                     
|Mem       3.60 |Time      0.03|               InitGridSpace                                                                                            
|Mem       3.60 |Time      0.03|               Original problem size:  279 *  280 *  126 *  250                                                         
|Mem       3.60 |Time      0.03|               The resized problem has dimensions:  279 *  280 *  126 *  250                                            
|Mem       3.60 |Time      0.03|           InitSpace                                                                                                    
|Mem       3.60 |Time      0.03|               InitGridDistrLookupTables                                                                                
|Mem       7.21 |Time      0.05|               GridInitTransforms                                                                                       
|Mem       7.21 |Time      0.05|   *************************************************************                                                        
|Mem       7.21 |Time      0.05|   Calculate primary field solution                                                                                     
|Mem       7.21 |Time      0.05|   *************************************************************                                                        
|Mem       7.21 |Time      0.05|       PlanewaveField                                                                                                   
|Mem       7.21 |Time      0.05|           InitSpace                                                                                                    
|Mem       7.21 |Time      0.05|           InitGrid                                                                                                     
|Mem       7.21 |Time      0.05|               InitGridSpace                                                                                            
|Mem       7.21 |Time      0.05|               Original problem size:  279 *   56 *    1 *    1                                                         
|Mem       7.21 |Time      0.05|               The resized problem has dimensions:  279 *   56 *    1 *    1                                            
|Mem       7.21 |Time      0.05|           InitSpace                                                                                                    
|Mem       7.21 |Time      0.05|               InitGridDistrLookupTables                                                                                
|Mem       7.21 |Time      0.05|               GridInitTransforms                                                                                       
|Mem       7.21 |Time      0.05|               GridDistr0CreateEmpty                                                                                    
|Mem       7.21 |Time      0.05|               GridDistr0Allocate                                                                                       
|Mem       7.21 |Time      0.05|       InitSource                                                                                                       
|Mem       7.21 |Time      0.05|           InitSourceExcitation                                                                                         
|Mem       7.21 |Time      0.05|               InitSourceSignature                                                                                      
|Mem       7.21 |Time      0.14|               InitPointSourceAperture                                                                                  
|Mem       7.21 |Time      0.14|       Exporting Source to file ../7_Results/test_2/TESTNeumannsrc_000.h5                                               
|Mem       7.21 |Time      0.14|               Start writing file                                                                                       
|Mem       7.21 |Time      0.25|               End writing file                                                                                         
|Mem       7.21 |Time      0.25|               Convert the source from distribution 0 to 1                                                              
|Mem       7.21 |Time      0.25|               ReorderDistr0ToDistr1                                                                                    
|Mem       7.21 |Time      0.25|               GridDistr1CreateEmpty                                                                                    
|Mem       7.21 |Time      0.25|               GridDistr1Allocate                                                                                       
|Mem       7.22 |Time      0.25|               GridDistr0Deallocate                                                                                     
|Mem       7.21 |Time      0.25|                   Deallocated                                                                                          
|Mem       7.21 |Time      0.25|                       Start MapVt                                                                                      
|Mem       7.21 |Time      0.25|               Compute the Fourier Transform with respect to the T-axis                                                 
|Mem       7.21 |Time      0.25|               GridDistr1CreateEmpty                                                                                    
|Mem       7.21 |Time      0.25|               GridDistr1Allocate                                                                                       
|Mem     680.13 |Time      3.01|           DestructSpace                                                                                                
|Mem     680.13 |Time      3.01|               GridDestroyTransforms                                                                                    
|Mem     680.13 |Time      3.01|               GridDistr0Deallocate                                                                                     
|Mem     680.13 |Time      3.01|                   Deallocated                                                                                          
|Mem     680.13 |Time      3.01|               GridDistr1DeAllocate                                                                                     
|Mem     680.12 |Time      3.01|                   Deallocated                                                                                          
|Mem     680.12 |Time      3.01|               GridDistr2Deallocate                                                                                     
|Mem     680.12 |Time      3.01|                   Deallocated                                                                                          
|Mem     680.12 |Time      3.01|               Compute the inverse Fourier Transform with respect to the T-axis                                         
srun: Job step aborted: Waiting up to 32 seconds for job step to finish.
|Mem     680.12 |Time      5.00|                       Start MapVtInv                                                                                   
slurmstepd: error: *** JOB 6426905 ON awi14 CANCELLED AT 2021-05-17T22:40:19 ***
slurmstepd: error: *** STEP 6426905.0 ON awi14 CANCELLED AT 2021-05-17T22:40:20 ***
