Parnac V 1.30 - Processor   8 checking in.
 
Parnac V 1.30 - Processor  12 checking in.
 
Parnac V 1.30 - Processor  13 checking in.
 
Parnac V 1.30 - Processor  17 checking in.
 
Parnac V 1.30 - Processor  20 checking in.
 
Parnac V 1.30 - Processor  21 checking in.
 
Parnac V 1.30 - Processor  28 checking in.
 
Parnac V 1.30 - Processor  36 checking in.
 
Parnac V 1.30 - Processor  40 checking in.
 
Parnac V 1.30 - Processor  45 checking in.
 
Parnac V 1.30 - Processor  52 checking in.
 
Parnac V 1.30 - Processor  54 checking in.
 
Parnac V 1.30 - Processor   0 checking in.
 
Parnac V 1.30 - Processor   1 checking in.
 
Parnac V 1.30 - Processor   2 checking in.
 
Parnac V 1.30 - Processor   3 checking in.
 
Parnac V 1.30 - Processor   4 checking in.
 
Parnac V 1.30 - Processor   5 checking in.
 
Parnac V 1.30 - Processor   6 checking in.
 
Parnac V 1.30 - Processor   7 checking in.
 
Parnac V 1.30 - Processor  10 checking in.
 
Parnac V 1.30 - Processor  11 checking in.
 
Parnac V 1.30 - Processor  14 checking in.
 
Parnac V 1.30 - Processor  15 checking in.
 
Parnac V 1.30 - Processor  16 checking in.
 
Parnac V 1.30 - Processor  18 checking in.
 
Parnac V 1.30 - Processor  19 checking in.
 
Parnac V 1.30 - Processor  22 checking in.
 
Parnac V 1.30 - Processor  23 checking in.
 
Parnac V 1.30 - Processor  24 checking in.
 
Parnac V 1.30 - Processor  25 checking in.
 
Parnac V 1.30 - Processor  26 checking in.
 
Parnac V 1.30 - Processor  27 checking in.
 
Parnac V 1.30 - Processor  29 checking in.
 
Parnac V 1.30 - Processor  32 checking in.
 
Parnac V 1.30 - Processor  33 checking in.
 
Parnac V 1.30 - Processor  34 checking in.
 
Parnac V 1.30 - Processor  35 checking in.
 
Parnac V 1.30 - Processor  37 checking in.
 
Parnac V 1.30 - Processor  38 checking in.
 
Parnac V 1.30 - Processor  39 checking in.
 
Parnac V 1.30 - Processor  41 checking in.
 
Parnac V 1.30 - Processor  42 checking in.
 
Parnac V 1.30 - Processor  43 checking in.
 
Parnac V 1.30 - Processor  44 checking in.
 
Parnac V 1.30 - Processor  46 checking in.
 
Parnac V 1.30 - Processor  47 checking in.
 
Parnac V 1.30 - Processor  48 checking in.
 
Parnac V 1.30 - Processor  49 checking in.
 
Parnac V 1.30 - Processor  50 checking in.
 
Parnac V 1.30 - Processor  51 checking in.
 
Parnac V 1.30 - Processor  53 checking in.
 
Parnac V 1.30 - Processor  55 checking in.
 
Parnac V 1.30 - Processor  30 checking in.
 
Parnac V 1.30 - Processor  31 checking in.
 
Parnac V 1.30 - Processor   9 checking in.
 
Configuration input file: ../5_Input_Files/TESTNeumann_Planewave_MultiBubble.in
 
Input file, version       1.30
 
 rho0:   0.106E+04
 c0:     0.148E+04
 mu:     0.200E-02
 P0:     0.101E+06
 fc0:    0.100E+07
 beta:   0.000E+00
 a_att:  0.000E+00
 b_att:  0.200E+01
 
 Lx:      0.220E+02
 Ly:      0.100E+02
 Lt:      0.150E+02
 Sz:      0.000E+00
 Lz:      0.200E+02
 ThetaX:  0.157E+01
 ThetaY:  0.157E+01
 ThetaT:  0.785E+00
 freq0:   0.100E+07
 Fnyq:    0.900E+01
 
 PrimSType:      4
 ContSType:     19
 FDTorder:      30
 FDXorder:      30
 Debuglvl:       5
 A-Aliasing:     T
 SupTaper:       T
 FreqTaper:      T
 Numbeams:       1
 NumIt( 1):     16
 Slicesavespecifier:     3
 Numslices:              9
 xyzslicedim( 1):    y
 xyzslicepos( 1):    -0.148E+01
 xyzslicedim( 2):    y
 xyzslicepos( 2):     0.000E+00
 xyzslicedim( 3):    y
 xyzslicepos( 3):     0.137E+01
 xyzslicedim( 4):    y
 xyzslicepos( 4):     0.823E-01
 xyzslicedim( 5):    y
 xyzslicepos( 5):    -0.206E+00
 xyzslicedim( 6):    x
 xyzslicepos( 6):     0.576E+00
 xyzslicedim( 7):    z
 xyzslicepos( 7):     0.500E+01
 xyzslicedim( 8):    z
 xyzslicepos( 8):     0.800E+01
 xyzslicedim( 9):    z
 xyzslicepos( 9):     0.100E+02
 
 Srcfilename:  none                                                                                                                            
 SrcSignType:  1
 Pstart:       0.100E+01
 Tpulse:       0.120E+02
 Twidth:       0.300E+01
 Tdelay:       0.600E+01
 Power:        2
 
 
--------------------------------------
Bubble Parameters for Marmottant Model
--------------------------------------
 
 kappa_s:    0.300E-07
 sigma_w:    0.720E-01
 sigma_R0:   0.360E-01
 gamma:      0.107E+01
 chi:        0.400E+00
 Marmottant Solver:     OP
 Normalize in:          time_and_radius
 
------------------
Cluster Parameters
------------------
 
 Distribution:          monodisperse
 Radius:                0.200E-05
 No. of Bubbles:        1000000
 [X_Bmin X_Bmax]/ Lx:   0.300E+00 0.700E+00
 [Y_Bmin Y_Bmax]/ Ly:   0.300E+00 0.700E+00
 [Z_Bmin Z_Bmax]/ Lz:   0.300E+00 0.700E+00
 Minimum Bubble Dist:   0.100E-04
 Calculate Pressure to close gridpoints
 
|Mem       0.00 |Time      0.00|   Parnac V 1.30 - Processor   0 checking in.                                                                           
|Mem       0.00 |Time      0.00|   Input file is TESTNeumann_Planewave_MultiBubble.in                                                                   
|Mem       0.00 |Time      0.00|   Input directory is ../5_Input_Files/                                                                                 
|Mem       0.00 |Time      0.00|   Output directory is ../7_Results/test_1/                                                                             
|Mem       0.00 |Time      0.00|   Temporary directory is /tmp/                                                                                         
|Mem       0.00 |Time      0.00|   No symmetry in the Y-dimension observed, no grid reduction.                                                          
|Mem       0.00 |Time      0.00|       InitSpaceFromPhysicalDims                                                                                        
|Mem       0.00 |Time      0.00|           InitGrid                                                                                                     
|Mem       0.00 |Time      0.00|               InitGridSpace                                                                                            
|Mem       0.00 |Time      0.00|               Original problem size:  270 *  268 *  122 *  242                                                         
|Mem       0.00 |Time      0.00|               The resized problem has dimensions:  279 *  280 *  126 *  250                                            
|Mem       0.00 |Time      0.00|           InitSpace                                                                                                    
|Mem       0.00 |Time      0.00|               InitGridDistrLookupTables                                                                                
|Mem       3.60 |Time      0.02|               GridInitTransforms                                                                                       
|Mem       3.60 |Time      0.04|   Variables in cBeam                                                                                                   
|Mem       3.60 |Time      0.04|       Debug information on a space                                                                                     
|Mem       3.60 |Time      0.04|         Space Identifier:            2.                                                                                
|Mem       3.60 |Time      0.04|         Y-dimension Symmetry:        F.                                                                                
|Mem       3.60 |Time      0.04|                                                                                                                        
|Mem       3.60 |Time      0.04|       Beam Tangents                                                                                                    
|Mem       3.60 |Time      0.04|         TanT:      1.000.                                                                                              
|Mem       3.60 |Time      0.04|         TanX:      0.000.                                                                                              
|Mem       3.60 |Time      0.04|         TanY:      0.000.                                                                                              
|Mem       3.60 |Time      0.04|                                                                                                                        
|Mem       3.60 |Time      0.04|       Sampling parameters                                                                                              
|Mem       3.60 |Time      0.04|         FNyq:           9.000.                                                                                         
|Mem       3.60 |Time      0.04|         delta t:        0.056.                                                                                         
|Mem       3.60 |Time      0.04|         delta x:        0.056.                                                                                         
|Mem       3.60 |Time      0.04|                                                                                                                        
|Mem       3.60 |Time      0.04|       Number of points in each dimension                                                                               
|Mem       3.60 |Time      0.04|         T:      279.                                                                                                   
|Mem       3.60 |Time      0.04|         X:      280.                                                                                                   
|Mem       3.60 |Time      0.04|         Y:      126.                                                                                                   
|Mem       3.60 |Time      0.04|         Z:      250.                                                                                                   
|Mem       3.60 |Time      0.04|                                                                                                                        
|Mem       3.60 |Time      0.04|       Beam Offset in points                                                                                            
|Mem       3.60 |Time      0.04|         StartT:        1.                                                                                              
|Mem       3.60 |Time      0.04|         StartX:     -140.                                                                                              
|Mem       3.60 |Time      0.04|         StartY:      -63.                                                                                              
|Mem       3.60 |Time      0.04|         StartZ:        1.                                                                                              
|Mem       3.60 |Time      0.04|                                                                                                                        
|Mem       3.60 |Time      0.04|       Beam index Start                                                                                                 
|Mem       3.60 |Time      0.04|         X:        0.                                                                                                   
|Mem       3.60 |Time      0.04|         Y:        0.                                                                                                   
|Mem       3.60 |Time      0.04|         Z:        0.                                                                                                   
|Mem       3.60 |Time      0.04|                                                                                                                        
|Mem       3.60 |Time      0.04|       Starting positions in mus/mm                                                                                     
|Mem       3.60 |Time      0.04|         StT:      0.056.                                                                                               
|Mem       3.60 |Time      0.04|         StX:    -11.527.                                                                                               
|Mem       3.60 |Time      0.04|         StY:     -5.187.                                                                                               
|Mem       3.60 |Time      0.04|         StZ:      0.082.                                                                                               
|Mem       3.60 |Time      0.04|                                                                                                                        
|Mem       3.60 |Time      0.04|       Beam lengths in mus/mm                                                                                           
|Mem       3.60 |Time      0.04|         Lt:     15.444.                                                                                                
|Mem       3.60 |Time      0.04|         Lx:     22.971.                                                                                                
|Mem       3.60 |Time      0.04|         Ly:     10.292.                                                                                                
|Mem       3.60 |Time      0.04|         Lz:     20.501.                                                                                                
|Mem       3.60 |Time      0.04|                                                                                                                        
|Mem       3.60 |Time      0.04|                                                                                                                        
|Mem       3.60 |Time      0.04|       InitializeSlices                                                                                                 
|Mem       3.60 |Time      0.04|               InitRRMSNorm                                                                                             
|Mem       3.60 |Time      0.04|               InitRRMSPreviousCorrection                                                                               
|Mem       3.60 |Time      0.04|   **********************************************************                                                           
|Mem       3.60 |Time      0.04|   ****** Calculate Iterative solution for Beam   0 ******                                                              
|Mem       3.60 |Time      0.04|   **********************************************************                                                           
|Mem       3.60 |Time      0.04|   Initialize Beam   0                                                                                                  
|Mem       3.60 |Time      0.04|           InitSpace                                                                                                    
|Mem       3.60 |Time      0.04|           InitGrid                                                                                                     
|Mem       3.60 |Time      0.04|               InitGridSpace                                                                                            
|Mem       3.60 |Time      0.04|               Original problem size:  279 *  280 *  126 *  250                                                         
|Mem       3.60 |Time      0.04|               The resized problem has dimensions:  279 *  280 *  126 *  250                                            
|Mem       3.60 |Time      0.04|           InitSpace                                                                                                    
|Mem       3.60 |Time      0.04|               InitGridDistrLookupTables                                                                                
|Mem       7.21 |Time      0.05|               GridInitTransforms                                                                                       
|Mem       7.21 |Time      0.06|   *************************************************************                                                        
|Mem       7.21 |Time      0.06|   Calculate primary field solution                                                                                     
|Mem       7.21 |Time      0.06|   *************************************************************                                                        
|Mem       7.21 |Time      0.06|       PlanewaveField                                                                                                   
|Mem       7.21 |Time      0.06|           InitSpace                                                                                                    
|Mem       7.21 |Time      0.06|           InitGrid                                                                                                     
|Mem       7.21 |Time      0.06|               InitGridSpace                                                                                            
|Mem       7.21 |Time      0.06|               Original problem size:  279 *   56 *    1 *    1                                                         
|Mem       7.21 |Time      0.06|               The resized problem has dimensions:  279 *   56 *    1 *    1                                            
|Mem       7.21 |Time      0.06|           InitSpace                                                                                                    
|Mem       7.21 |Time      0.06|               InitGridDistrLookupTables                                                                                
|Mem       7.21 |Time      0.06|               GridInitTransforms                                                                                       
|Mem       7.21 |Time      0.06|               GridDistr0CreateEmpty                                                                                    
|Mem       7.21 |Time      0.06|               GridDistr0Allocate                                                                                       
|Mem       7.21 |Time      0.06|       InitSource                                                                                                       
|Mem       7.21 |Time      0.06|           InitSourceExcitation                                                                                         
|Mem       7.21 |Time      0.06|               InitSourceSignature                                                                                      
|Mem       7.21 |Time      0.06|               InitPointSourceAperture                                                                                  
|Mem       7.21 |Time      0.06|       Exporting Source to file ../7_Results/test_1/TESTNeumannsrc_000.h5                                               
|Mem       7.21 |Time      0.06|               Start writing file                                                                                       
|Mem       7.21 |Time      0.23|               End writing file                                                                                         
|Mem       7.21 |Time      0.23|               Convert the source from distribution 0 to 1                                                              
|Mem       7.21 |Time      0.23|               ReorderDistr0ToDistr1                                                                                    
|Mem       7.21 |Time      0.23|               GridDistr1CreateEmpty                                                                                    
|Mem       7.21 |Time      0.23|               GridDistr1Allocate                                                                                       
|Mem       7.22 |Time      0.23|               GridDistr0Deallocate                                                                                     
|Mem       7.21 |Time      0.23|                   Deallocated                                                                                          
|Mem       7.21 |Time      0.23|                       Start MapVt                                                                                      
|Mem       7.21 |Time      0.23|               Compute the Fourier Transform with respect to the T-axis                                                 
|Mem       7.21 |Time      0.23|               GridDistr1CreateEmpty                                                                                    
|Mem       7.21 |Time      0.23|               GridDistr1Allocate                                                                                       
|Mem     680.13 |Time      2.88|           DestructSpace                                                                                                
|Mem     680.13 |Time      2.88|               GridDestroyTransforms                                                                                    
|Mem     680.13 |Time      2.88|               GridDistr0Deallocate                                                                                     
|Mem     680.13 |Time      2.88|                   Deallocated                                                                                          
|Mem     680.13 |Time      2.88|               GridDistr1DeAllocate                                                                                     
|Mem     680.12 |Time      2.88|                   Deallocated                                                                                          
|Mem     680.12 |Time      2.88|               GridDistr2Deallocate                                                                                     
|Mem     680.12 |Time      2.88|                   Deallocated                                                                                          
|Mem     680.12 |Time      2.88|               Compute the inverse Fourier Transform with respect to the T-axis                                         
|Mem     680.12 |Time      4.84|                       Start MapVtInv                                                                                   
|Mem     680.12 |Time      5.08|               Redistribute the result to distribution 0                                                                
|Mem     680.12 |Time      5.08|               ReorderDistr1ToDistr0                                                                                    
|Mem     680.12 |Time      5.08|               GridDistr0CreateEmpty                                                                                    
|Mem     680.12 |Time      5.08|               GridDistr0Allocate                                                                                       
|Mem    1015.38 |Time      5.55|               GridDistr1DeAllocate                                                                                     
|Mem     342.46 |Time      5.56|                   Deallocated                                                                                          
|Mem     342.46 |Time      5.56|       StoreSlices                                                                                                      
|Mem     342.46 |Time      5.56|       Exporting p0 to file ../7_Results/test_1/TESTNeumann_000_y_001_000_000.h5                                        
|Mem     342.46 |Time      5.57|               Start writing file                                                                                       
|Mem     342.46 |Time      5.62|               End writing file                                                                                         
|Mem     342.46 |Time      5.63|       Exporting p0 to file ../7_Results/test_1/TESTNeumann_000_y_002_000_000.h5                                        
|Mem     342.46 |Time      5.64|               Start writing file                                                                                       
|Mem     342.46 |Time      5.72|               End writing file                                                                                         
|Mem     342.46 |Time      5.72|       Exporting p0 to file ../7_Results/test_1/TESTNeumann_000_y_003_000_000.h5                                        
|Mem     342.46 |Time      5.73|               Start writing file                                                                                       
|Mem     342.46 |Time      5.81|               End writing file                                                                                         
|Mem     342.46 |Time      5.81|       Exporting p0 to file ../7_Results/test_1/TESTNeumann_000_y_004_000_000.h5                                        
|Mem     342.46 |Time      5.82|               Start writing file                                                                                       
|Mem     342.46 |Time      5.89|               End writing file                                                                                         
|Mem     342.46 |Time      5.89|       Exporting p0 to file ../7_Results/test_1/TESTNeumann_000_y_005_000_000.h5                                        
|Mem     342.46 |Time      5.91|               Start writing file                                                                                       
|Mem     342.46 |Time      5.97|               End writing file                                                                                         
|Mem     342.46 |Time      5.97|       Exporting p0 to file ../7_Results/test_1/TESTNeumann_000_x_006_000_000.h5                                        
|Mem     342.46 |Time      5.99|               Start writing file                                                                                       
|Mem     342.46 |Time      6.04|               End writing file                                                                                         
|Mem     342.46 |Time      6.04|       Exporting p0 to file ../7_Results/test_1/TESTNeumann_000_z_007_000_000.h5                                        
|Mem     342.46 |Time      6.05|               No export; requested slice had no data on this processor.                                                
|Mem     342.46 |Time      6.05|       Exporting p0 to file ../7_Results/test_1/TESTNeumann_000_z_008_000_000.h5                                        
|Mem     342.46 |Time      6.05|               No export; requested slice had no data on this processor.                                                
|Mem     342.46 |Time      6.05|       Exporting p0 to file ../7_Results/test_1/TESTNeumann_000_z_009_000_000.h5                                        
|Mem     342.46 |Time      6.05|               No export; requested slice had no data on this processor.                                                
|Mem     342.46 |Time      6.44|       StoreField                                                                                                       
|Mem     342.46 |Time      6.44|           Write P_lin  to disk                                                                                         
|Mem     342.46 |Time     18.70|   ***************************************************************                                                      
|Mem     342.46 |Time     18.70|   ****** Neumann Scheme Calculate Iterative Beam estimate   1 for Beam   0 *****                                       
|Mem     342.46 |Time     18.70|   ***************************************************************                                                      
|Mem     342.46 |Time     18.70|       FieldtoContrastSource                                                                                            
|Mem     342.46 |Time     18.70|           Compute the contrast operator                                                                                
|Mem     342.46 |Time     26.28|           BubbleContrastOperator                                                                                       
|Mem     393.86 |Time     26.30|           Randomly Position the microbubbles in the domain                                                             
|Mem     393.86 |Time    389.00|           0 Slices were chosen in the input file                                                                       
|Mem     393.86 |Time    389.02|           No. of Bubbles consisting the cluster: 1000000 in a volume of 0.310 [mL].                                    
forrtl: severe (41): insufficient virtual memory
Image              PC                Routine            Line        Source             
libifcoremt.so.5   00002B23742EB753  for_allocate          Unknown  Unknown
INCS_Agis_test_1   000000000057EA7E  Unknown               Unknown  Unknown
INCS_Agis_test_1   00000000005B4B3D  Unknown               Unknown  Unknown
INCS_Agis_test_1   00000000005C8946  Unknown               Unknown  Unknown
INCS_Agis_test_1   00000000004065BE  Unknown               Unknown  Unknown
libc-2.17.so       00002B2375787555  __libc_start_main     Unknown  Unknown
INCS_Agis_test_1   00000000004064C9  Unknown               Unknown  Unknown
forrtl: severe (41): insufficient virtual memory
Image              PC                Routine            Line        Source             
libifcoremt.so.5   00002AD378576753  for_allocate          Unknown  Unknown
INCS_Agis_test_1   000000000057EA7E  Unknown               Unknown  Unknown
INCS_Agis_test_1   00000000005B4B3D  Unknown               Unknown  Unknown
INCS_Agis_test_1   00000000005C8946  Unknown               Unknown  Unknown
INCS_Agis_test_1   00000000004065BE  Unknown               Unknown  Unknown
libc-2.17.so       00002AD379A12555  __libc_start_main     Unknown  Unknown
INCS_Agis_test_1   00000000004064C9  Unknown               Unknown  Unknown
forrtl: severe (41): insufficient virtual memory
Image              PC                Routine            Line        Source             
libifcoremt.so.5   00002AB98E648753  for_allocate          Unknown  Unknown
INCS_Agis_test_1   000000000057EA7E  Unknown               Unknown  Unknown
INCS_Agis_test_1   00000000005B4B3D  Unknown               Unknown  Unknown
INCS_Agis_test_1   00000000005C8946  Unknown               Unknown  Unknown
INCS_Agis_test_1   00000000004065BE  Unknown               Unknown  Unknown
libc-2.17.so       00002AB98FAE4555  __libc_start_main     Unknown  Unknown
INCS_Agis_test_1   00000000004064C9  Unknown               Unknown  Unknown
forrtl: severe (41): insufficient virtual memory
Image              PC                Routine            Line        Source             
libifcoremt.so.5   00002B7934D8D753  for_allocate          Unknown  Unknown
INCS_Agis_test_1   000000000057EA7E  Unknown               Unknown  Unknown
INCS_Agis_test_1   00000000005B4B3D  Unknown               Unknown  Unknown
INCS_Agis_test_1   00000000005C8946  Unknown               Unknown  Unknown
INCS_Agis_test_1   00000000004065BE  Unknown               Unknown  Unknown
libc-2.17.so       00002B7936229555  __libc_start_main     Unknown  Unknown
INCS_Agis_test_1   00000000004064C9  Unknown               Unknown  Unknown
forrtl: severe (41): insufficient virtual memory
Image              PC                Routine            Line        Source             
libifcoremt.so.5   00002B6B0F0D5753  for_allocate          Unknown  Unknown
INCS_Agis_test_1   000000000057EA7E  Unknown               Unknown  Unknown
INCS_Agis_test_1   00000000005B4B3D  Unknown               Unknown  Unknown
INCS_Agis_test_1   00000000005C8946  Unknown               Unknown  Unknown
INCS_Agis_test_1   00000000004065BE  Unknown               Unknown  Unknown
libc-2.17.so       00002B6B10571555  __libc_start_main     Unknown  Unknown
INCS_Agis_test_1   00000000004064C9  Unknown               Unknown  Unknown
forrtl: severe (41): insufficient virtual memory
Image              PC                Routine            Line        Source             
libifcoremt.so.5   00002ACB3539F753  for_allocate          Unknown  Unknown
INCS_Agis_test_1   000000000057EA7E  Unknown               Unknown  Unknown
INCS_Agis_test_1   00000000005B4B3D  Unknown               Unknown  Unknown
INCS_Agis_test_1   00000000005C8946  Unknown               Unknown  Unknown
INCS_Agis_test_1   00000000004065BE  Unknown               Unknown  Unknown
libc-2.17.so       00002ACB3683B555  __libc_start_main     Unknown  Unknown
INCS_Agis_test_1   00000000004064C9  Unknown               Unknown  Unknown
forrtl: severe (41): insufficient virtual memory
Image              PC                Routine            Line        Source             
libifcoremt.so.5   00002ADA68191753  for_allocate          Unknown  Unknown
INCS_Agis_test_1   000000000057EA7E  Unknown               Unknown  Unknown
INCS_Agis_test_1   00000000005B4B3D  Unknown               Unknown  Unknown
INCS_Agis_test_1   00000000005C8946  Unknown               Unknown  Unknown
INCS_Agis_test_1   00000000004065BE  Unknown               Unknown  Unknown
libc-2.17.so       00002ADA6962D555  __libc_start_main     Unknown  Unknown
INCS_Agis_test_1   00000000004064C9  Unknown               Unknown  Unknown
srun: error: awi13: task 0: Exited with exit code 41
forrtl: severe (41): insufficient virtual memory
Image              PC                Routine            Line        Source             
libifcoremt.so.5   00002B6B0D7D8753  for_allocate          Unknown  Unknown
INCS_Agis_test_1   000000000057EA7E  Unknown               Unknown  Unknown
INCS_Agis_test_1   00000000005B4B3D  Unknown               Unknown  Unknown
INCS_Agis_test_1   00000000005C8946  Unknown               Unknown  Unknown
INCS_Agis_test_1   00000000004065BE  Unknown               Unknown  Unknown
libc-2.17.so       00002B6B0EC74555  __libc_start_main     Unknown  Unknown
INCS_Agis_test_1   00000000004064C9  Unknown               Unknown  Unknown
forrtl: severe (41): insufficient virtual memory
Image              PC                Routine            Line        Source             
libifcoremt.so.5   00002B5F4F379753  for_allocate          Unknown  Unknown
INCS_Agis_test_1   000000000057EA7E  Unknown               Unknown  Unknown
INCS_Agis_test_1   00000000005B4B3D  Unknown               Unknown  Unknown
INCS_Agis_test_1   00000000005C8946  Unknown               Unknown  Unknown
INCS_Agis_test_1   00000000004065BE  Unknown               Unknown  Unknown
libc-2.17.so       00002B5F50815555  __libc_start_main     Unknown  Unknown
INCS_Agis_test_1   00000000004064C9  Unknown               Unknown  Unknown
forrtl: severe (41): insufficient virtual memory
Image              PC                Routine            Line        Source             
libifcoremt.so.5   00002B1969661753  for_allocate          Unknown  Unknown
INCS_Agis_test_1   000000000057EA7E  Unknown               Unknown  Unknown
INCS_Agis_test_1   00000000005B4B3D  Unknown               Unknown  Unknown
INCS_Agis_test_1   00000000005C8946  Unknown               Unknown  Unknown
INCS_Agis_test_1   00000000004065BE  Unknown               Unknown  Unknown
libc-2.17.so       00002B196AAFD555  __libc_start_main     Unknown  Unknown
INCS_Agis_test_1   00000000004064C9  Unknown               Unknown  Unknown
forrtl: severe (41): insufficient virtual memory
Image              PC                Routine            Line        Source             
libifcoremt.so.5   00002B9F57B7F753  for_allocate          Unknown  Unknown
INCS_Agis_test_1   000000000057EA7E  Unknown               Unknown  Unknown
INCS_Agis_test_1   00000000005B4B3D  Unknown               Unknown  Unknown
INCS_Agis_test_1   00000000005C8946  Unknown               Unknown  Unknown
INCS_Agis_test_1   00000000004065BE  Unknown               Unknown  Unknown
libc-2.17.so       00002B9F5901B555  __libc_start_main     Unknown  Unknown
INCS_Agis_test_1   00000000004064C9  Unknown               Unknown  Unknown
forrtl: severe (41): insufficient virtual memory
Image              PC                Routine            Line        Source             
libifcoremt.so.5   00002B1AFC685753  for_allocate          Unknown  Unknown
INCS_Agis_test_1   000000000057EA7E  Unknown               Unknown  Unknown
INCS_Agis_test_1   00000000005B4B3D  Unknown               Unknown  Unknown
INCS_Agis_test_1   00000000005C8946  Unknown               Unknown  Unknown
INCS_Agis_test_1   00000000004065BE  Unknown               Unknown  Unknown
libc-2.17.so       00002B1AFDB21555  __libc_start_main     Unknown  Unknown
INCS_Agis_test_1   00000000004064C9  Unknown               Unknown  Unknown
forrtl: severe (41): insufficient virtual memory
Image              PC                Routine            Line        Source             
libifcoremt.so.5   00002ACD2888D753  for_allocate          Unknown  Unknown
INCS_Agis_test_1   000000000057EA7E  Unknown               Unknown  Unknown
INCS_Agis_test_1   00000000005B4B3D  Unknown               Unknown  Unknown
INCS_Agis_test_1   00000000005C8946  Unknown               Unknown  Unknown
INCS_Agis_test_1   00000000004065BE  Unknown               Unknown  Unknown
libc-2.17.so       00002ACD29D29555  __libc_start_main     Unknown  Unknown
INCS_Agis_test_1   00000000004064C9  Unknown               Unknown  Unknown
forrtl: severe (41): insufficient virtual memory
Image              PC                Routine            Line        Source             
libifcoremt.so.5   00002ACD82610753  for_allocate          Unknown  Unknown
INCS_Agis_test_1   000000000057EA7E  Unknown               Unknown  Unknown
INCS_Agis_test_1   00000000005B4B3D  Unknown               Unknown  Unknown
INCS_Agis_test_1   00000000005C8946  Unknown               Unknown  Unknown
INCS_Agis_test_1   00000000004065BE  Unknown               Unknown  Unknown
libc-2.17.so       00002ACD83AAC555  __libc_start_main     Unknown  Unknown
INCS_Agis_test_1   00000000004064C9  Unknown               Unknown  Unknown
forrtl: severe (41): insufficient virtual memory
Image              PC                Routine            Line        Source             
libifcoremt.so.5   00002AC71295E753  for_allocate          Unknown  Unknown
INCS_Agis_test_1   000000000057EA7E  Unknown               Unknown  Unknown
INCS_Agis_test_1   00000000005B4B3D  Unknown               Unknown  Unknown
INCS_Agis_test_1   00000000005C8946  Unknown               Unknown  Unknown
INCS_Agis_test_1   00000000004065BE  Unknown               Unknown  Unknown
libc-2.17.so       00002AC713DFA555  __libc_start_main     Unknown  Unknown
INCS_Agis_test_1   00000000004064C9  Unknown               Unknown  Unknown
forrtl: severe (41): insufficient virtual memory
Image              PC                Routine            Line        Source             
libifcoremt.so.5   00002B2771848753  for_allocate          Unknown  Unknown
INCS_Agis_test_1   000000000057EA7E  Unknown               Unknown  Unknown
INCS_Agis_test_1   00000000005B4B3D  Unknown               Unknown  Unknown
INCS_Agis_test_1   00000000005C8946  Unknown               Unknown  Unknown
INCS_Agis_test_1   00000000004065BE  Unknown               Unknown  Unknown
libc-2.17.so       00002B2772CE4555  __libc_start_main     Unknown  Unknown
INCS_Agis_test_1   00000000004064C9  Unknown               Unknown  Unknown
forrtl: severe (41): insufficient virtual memory
Image              PC                Routine            Line        Source             
libifcoremt.so.5   00002ADB3B1DA753  for_allocate          Unknown  Unknown
INCS_Agis_test_1   000000000057EA7E  Unknown               Unknown  Unknown
INCS_Agis_test_1   00000000005B4B3D  Unknown               Unknown  Unknown
INCS_Agis_test_1   00000000005C8946  Unknown               Unknown  Unknown
INCS_Agis_test_1   00000000004065BE  Unknown               Unknown  Unknown
libc-2.17.so       00002ADB3C676555  __libc_start_main     Unknown  Unknown
INCS_Agis_test_1   00000000004064C9  Unknown               Unknown  Unknown
forrtl: severe (41): insufficient virtual memory
Image              PC                Routine            Line        Source             
libifcoremt.so.5   00002B24A0C39753  for_allocate          Unknown  Unknown
INCS_Agis_test_1   000000000057EA7E  Unknown               Unknown  Unknown
INCS_Agis_test_1   00000000005B4B3D  Unknown               Unknown  Unknown
INCS_Agis_test_1   00000000005C8946  Unknown               Unknown  Unknown
INCS_Agis_test_1   00000000004065BE  Unknown               Unknown  Unknown
libc-2.17.so       00002B24A20D5555  __libc_start_main     Unknown  Unknown
INCS_Agis_test_1   00000000004064C9  Unknown               Unknown  Unknown
forrtl: severe (41): insufficient virtual memory
Image              PC                Routine            Line        Source             
libifcoremt.so.5   00002B0275CE3753  for_allocate          Unknown  Unknown
INCS_Agis_test_1   000000000057EA7E  Unknown               Unknown  Unknown
INCS_Agis_test_1   00000000005B4B3D  Unknown               Unknown  Unknown
INCS_Agis_test_1   00000000005C8946  Unknown               Unknown  Unknown
INCS_Agis_test_1   00000000004065BE  Unknown               Unknown  Unknown
libc-2.17.so       00002B027717F555  __libc_start_main     Unknown  Unknown
INCS_Agis_test_1   00000000004064C9  Unknown               Unknown  Unknown
forrtl: severe (41): insufficient virtual memory
Image              PC                Routine            Line        Source             
libifcoremt.so.5   00002AE038864753  for_allocate          Unknown  Unknown
INCS_Agis_test_1   000000000057EA7E  Unknown               Unknown  Unknown
INCS_Agis_test_1   00000000005B4B3D  Unknown               Unknown  Unknown
INCS_Agis_test_1   00000000005C8946  Unknown               Unknown  Unknown
INCS_Agis_test_1   00000000004065BE  Unknown               Unknown  Unknown
libc-2.17.so       00002AE039D00555  __libc_start_main     Unknown  Unknown
INCS_Agis_test_1   00000000004064C9  Unknown               Unknown  Unknown
forrtl: severe (41): insufficient virtual memory
Image              PC                Routine            Line        Source             
libifcoremt.so.5   00002ABCCDB43753  for_allocate          Unknown  Unknown
INCS_Agis_test_1   000000000057EA7E  Unknown               Unknown  Unknown
INCS_Agis_test_1   00000000005B4B3D  Unknown               Unknown  Unknown
INCS_Agis_test_1   00000000005C8946  Unknown               Unknown  Unknown
INCS_Agis_test_1   00000000004065BE  Unknown               Unknown  Unknown
libc-2.17.so       00002ABCCEFDF555  __libc_start_main     Unknown  Unknown
INCS_Agis_test_1   00000000004064C9  Unknown               Unknown  Unknown
forrtl: severe (41): insufficient virtual memory
Image              PC                Routine            Line        Source             
libifcoremt.so.5   00002B27CCE03753  for_allocate          Unknown  Unknown
INCS_Agis_test_1   000000000057EA7E  Unknown               Unknown  Unknown
INCS_Agis_test_1   00000000005B4B3D  Unknown               Unknown  Unknown
INCS_Agis_test_1   00000000005C8946  Unknown               Unknown  Unknown
INCS_Agis_test_1   00000000004065BE  Unknown               Unknown  Unknown
libc-2.17.so       00002B27CE29F555  __libc_start_main     Unknown  Unknown
INCS_Agis_test_1   00000000004064C9  Unknown               Unknown  Unknown
forrtl: severe (41): insufficient virtual memory
Image              PC                Routine            Line        Source             
libifcoremt.so.5   00002B7EA467B753  for_allocate          Unknown  Unknown
INCS_Agis_test_1   000000000057EA7E  Unknown               Unknown  Unknown
INCS_Agis_test_1   00000000005B4B3D  Unknown               Unknown  Unknown
INCS_Agis_test_1   00000000005C8946  Unknown               Unknown  Unknown
INCS_Agis_test_1   00000000004065BE  Unknown               Unknown  Unknown
libc-2.17.so       00002B7EA5B17555  __libc_start_main     Unknown  Unknown
INCS_Agis_test_1   00000000004064C9  Unknown               Unknown  Unknown
forrtl: severe (41): insufficient virtual memory
Image              PC                Routine            Line        Source             
libifcoremt.so.5   00002B14C173D753  for_allocate          Unknown  Unknown
INCS_Agis_test_1   000000000057EA7E  Unknown               Unknown  Unknown
INCS_Agis_test_1   00000000005B4B3D  Unknown               Unknown  Unknown
INCS_Agis_test_1   00000000005C8946  Unknown               Unknown  Unknown
INCS_Agis_test_1   00000000004065BE  Unknown               Unknown  Unknown
libc-2.17.so       00002B14C2BD9555  __libc_start_main     Unknown  Unknown
INCS_Agis_test_1   00000000004064C9  Unknown               Unknown  Unknown
forrtl: severe (41): insufficient virtual memory
Image              PC                Routine            Line        Source             
libifcoremt.so.5   00002AAE551EB753  for_allocate          Unknown  Unknown
INCS_Agis_test_1   000000000057EA7E  Unknown               Unknown  Unknown
INCS_Agis_test_1   00000000005B4B3D  Unknown               Unknown  Unknown
INCS_Agis_test_1   00000000005C8946  Unknown               Unknown  Unknown
INCS_Agis_test_1   00000000004065BE  Unknown               Unknown  Unknown
libc-2.17.so       00002AAE56687555  __libc_start_main     Unknown  Unknown
INCS_Agis_test_1   00000000004064C9  Unknown               Unknown  Unknown
forrtl: severe (41): insufficient virtual memory
Image              PC                Routine            Line        Source             
libifcoremt.so.5   00002B8310979753  for_allocate          Unknown  Unknown
INCS_Agis_test_1   000000000057EA7E  Unknown               Unknown  Unknown
INCS_Agis_test_1   00000000005B4B3D  Unknown               Unknown  Unknown
INCS_Agis_test_1   00000000005C8946  Unknown               Unknown  Unknown
INCS_Agis_test_1   00000000004065BE  Unknown               Unknown  Unknown
libc-2.17.so       00002B8311E15555  __libc_start_main     Unknown  Unknown
INCS_Agis_test_1   00000000004064C9  Unknown               Unknown  Unknown
forrtl: severe (41): insufficient virtual memory
Image              PC                Routine            Line        Source             
libifcoremt.so.5   00002B6BD8D81753  for_allocate          Unknown  Unknown
INCS_Agis_test_1   000000000057EA7E  Unknown               Unknown  Unknown
INCS_Agis_test_1   00000000005B4B3D  Unknown               Unknown  Unknown
INCS_Agis_test_1   00000000005C8946  Unknown               Unknown  Unknown
INCS_Agis_test_1   00000000004065BE  Unknown               Unknown  Unknown
libc-2.17.so       00002B6BDA21D555  __libc_start_main     Unknown  Unknown
INCS_Agis_test_1   00000000004064C9  Unknown               Unknown  Unknown
forrtl: severe (41): insufficient virtual memory
Image              PC                Routine            Line        Source             
libifcoremt.so.5   00002B30AE6A2753  for_allocate          Unknown  Unknown
INCS_Agis_test_1   000000000057EA7E  Unknown               Unknown  Unknown
INCS_Agis_test_1   00000000005B4B3D  Unknown               Unknown  Unknown
INCS_Agis_test_1   00000000005C8946  Unknown               Unknown  Unknown
INCS_Agis_test_1   00000000004065BE  Unknown               Unknown  Unknown
libc-2.17.so       00002B30AFB3E555  __libc_start_main     Unknown  Unknown
INCS_Agis_test_1   00000000004064C9  Unknown               Unknown  Unknown
forrtl: severe (41): insufficient virtual memory
Image              PC                Routine            Line        Source             
libifcoremt.so.5   00002B92FB28B753  for_allocate          Unknown  Unknown
INCS_Agis_test_1   000000000057EA7E  Unknown               Unknown  Unknown
INCS_Agis_test_1   00000000005B4B3D  Unknown               Unknown  Unknown
INCS_Agis_test_1   00000000005C8946  Unknown               Unknown  Unknown
INCS_Agis_test_1   00000000004065BE  Unknown               Unknown  Unknown
libc-2.17.so       00002B92FC727555  __libc_start_main     Unknown  Unknown
INCS_Agis_test_1   00000000004064C9  Unknown               Unknown  Unknown
forrtl: severe (41): insufficient virtual memory
Image              PC                Routine            Line        Source             
libifcoremt.so.5   00002AF9FC8A1753  for_allocate          Unknown  Unknown
INCS_Agis_test_1   000000000057EA7E  Unknown               Unknown  Unknown
INCS_Agis_test_1   00000000005B4B3D  Unknown               Unknown  Unknown
INCS_Agis_test_1   00000000005C8946  Unknown               Unknown  Unknown
INCS_Agis_test_1   00000000004065BE  Unknown               Unknown  Unknown
libc-2.17.so       00002AF9FDD3D555  __libc_start_main     Unknown  Unknown
INCS_Agis_test_1   00000000004064C9  Unknown               Unknown  Unknown
forrtl: severe (41): insufficient virtual memory
Image              PC                Routine            Line        Source             
libifcoremt.so.5   00002AE0ABDC0753  for_allocate          Unknown  Unknown
INCS_Agis_test_1   000000000057EA7E  Unknown               Unknown  Unknown
INCS_Agis_test_1   00000000005B4B3D  Unknown               Unknown  Unknown
INCS_Agis_test_1   00000000005C8946  Unknown               Unknown  Unknown
INCS_Agis_test_1   00000000004065BE  Unknown               Unknown  Unknown
libc-2.17.so       00002AE0AD25C555  __libc_start_main     Unknown  Unknown
INCS_Agis_test_1   00000000004064C9  Unknown               Unknown  Unknown
forrtl: severe (41): insufficient virtual memory
Image              PC                Routine            Line        Source             
libifcoremt.so.5   00002B8859A04753  for_allocate          Unknown  Unknown
INCS_Agis_test_1   000000000057EA7E  Unknown               Unknown  Unknown
INCS_Agis_test_1   00000000005B4B3D  Unknown               Unknown  Unknown
INCS_Agis_test_1   00000000005C8946  Unknown               Unknown  Unknown
INCS_Agis_test_1   00000000004065BE  Unknown               Unknown  Unknown
libc-2.17.so       00002B885AEA0555  __libc_start_main     Unknown  Unknown
INCS_Agis_test_1   00000000004064C9  Unknown               Unknown  Unknown
forrtl: severe (41): insufficient virtual memory
Image              PC                Routine            Line        Source             
libifcoremt.so.5   00002B362890F753  for_allocate          Unknown  Unknown
INCS_Agis_test_1   000000000057EA7E  Unknown               Unknown  Unknown
INCS_Agis_test_1   00000000005B4B3D  Unknown               Unknown  Unknown
INCS_Agis_test_1   00000000005C8946  Unknown               Unknown  Unknown
INCS_Agis_test_1   00000000004065BE  Unknown               Unknown  Unknown
libc-2.17.so       00002B3629DAB555  __libc_start_main     Unknown  Unknown
INCS_Agis_test_1   00000000004064C9  Unknown               Unknown  Unknown
forrtl: severe (41): insufficient virtual memory
Image              PC                Routine            Line        Source             
libifcoremt.so.5   00002B4D78491753  for_allocate          Unknown  Unknown
INCS_Agis_test_1   000000000057EA7E  Unknown               Unknown  Unknown
INCS_Agis_test_1   00000000005B4B3D  Unknown               Unknown  Unknown
INCS_Agis_test_1   00000000005C8946  Unknown               Unknown  Unknown
INCS_Agis_test_1   00000000004065BE  Unknown               Unknown  Unknown
libc-2.17.so       00002B4D7992D555  __libc_start_main     Unknown  Unknown
INCS_Agis_test_1   00000000004064C9  Unknown               Unknown  Unknown
forrtl: severe (41): insufficient virtual memory
Image              PC                Routine            Line        Source             
libifcoremt.so.5   00002AFDC35E7753  for_allocate          Unknown  Unknown
INCS_Agis_test_1   000000000057EA7E  Unknown               Unknown  Unknown
INCS_Agis_test_1   00000000005B4B3D  Unknown               Unknown  Unknown
INCS_Agis_test_1   00000000005C8946  Unknown               Unknown  Unknown
INCS_Agis_test_1   00000000004065BE  Unknown               Unknown  Unknown
libc-2.17.so       00002AFDC4A83555  __libc_start_main     Unknown  Unknown
INCS_Agis_test_1   00000000004064C9  Unknown               Unknown  Unknown
forrtl: severe (41): insufficient virtual memory
Image              PC                Routine            Line        Source             
libifcoremt.so.5   00002B6B9E4A8753  for_allocate          Unknown  Unknown
INCS_Agis_test_1   000000000057EA7E  Unknown               Unknown  Unknown
INCS_Agis_test_1   00000000005B4B3D  Unknown               Unknown  Unknown
INCS_Agis_test_1   00000000005C8946  Unknown               Unknown  Unknown
INCS_Agis_test_1   00000000004065BE  Unknown               Unknown  Unknown
libc-2.17.so       00002B6B9F944555  __libc_start_main     Unknown  Unknown
INCS_Agis_test_1   00000000004064C9  Unknown               Unknown  Unknown
forrtl: severe (41): insufficient virtual memory
Image              PC                Routine            Line        Source             
libifcoremt.so.5   00002B6A94117753  for_allocate          Unknown  Unknown
INCS_Agis_test_1   000000000057EA7E  Unknown               Unknown  Unknown
INCS_Agis_test_1   00000000005B4B3D  Unknown               Unknown  Unknown
INCS_Agis_test_1   00000000005C8946  Unknown               Unknown  Unknown
INCS_Agis_test_1   00000000004065BE  Unknown               Unknown  Unknown
libc-2.17.so       00002B6A955B3555  __libc_start_main     Unknown  Unknown
INCS_Agis_test_1   00000000004064C9  Unknown               Unknown  Unknown
forrtl: severe (41): insufficient virtual memory
Image              PC                Routine            Line        Source             
libifcoremt.so.5   00002ABAD8FFB753  for_allocate          Unknown  Unknown
INCS_Agis_test_1   000000000057EA7E  Unknown               Unknown  Unknown
INCS_Agis_test_1   00000000005B4B3D  Unknown               Unknown  Unknown
INCS_Agis_test_1   00000000005C8946  Unknown               Unknown  Unknown
INCS_Agis_test_1   00000000004065BE  Unknown               Unknown  Unknown
libc-2.17.so       00002ABADA497555  __libc_start_main     Unknown  Unknown
INCS_Agis_test_1   00000000004064C9  Unknown               Unknown  Unknown
forrtl: severe (41): insufficient virtual memory
Image              PC                Routine            Line        Source             
libifcoremt.so.5   00002AE1A7068753  for_allocate          Unknown  Unknown
INCS_Agis_test_1   000000000057EA7E  Unknown               Unknown  Unknown
INCS_Agis_test_1   00000000005B4B3D  Unknown               Unknown  Unknown
INCS_Agis_test_1   00000000005C8946  Unknown               Unknown  Unknown
INCS_Agis_test_1   00000000004065BE  Unknown               Unknown  Unknown
libc-2.17.so       00002AE1A8504555  __libc_start_main     Unknown  Unknown
INCS_Agis_test_1   00000000004064C9  Unknown               Unknown  Unknown
forrtl: severe (41): insufficient virtual memory
Image              PC                Routine            Line        Source             
libifcoremt.so.5   00002B62EB297753  for_allocate          Unknown  Unknown
INCS_Agis_test_1   000000000057EA7E  Unknown               Unknown  Unknown
INCS_Agis_test_1   00000000005B4B3D  Unknown               Unknown  Unknown
INCS_Agis_test_1   00000000005C8946  Unknown               Unknown  Unknown
INCS_Agis_test_1   00000000004065BE  Unknown               Unknown  Unknown
libc-2.17.so       00002B62EC733555  __libc_start_main     Unknown  Unknown
INCS_Agis_test_1   00000000004064C9  Unknown               Unknown  Unknown
forrtl: severe (41): insufficient virtual memory
Image              PC                Routine            Line        Source             
libifcoremt.so.5   00002B7F9AC8C753  for_allocate          Unknown  Unknown
INCS_Agis_test_1   000000000057EA7E  Unknown               Unknown  Unknown
INCS_Agis_test_1   00000000005B4B3D  Unknown               Unknown  Unknown
INCS_Agis_test_1   00000000005C8946  Unknown               Unknown  Unknown
INCS_Agis_test_1   00000000004065BE  Unknown               Unknown  Unknown
libc-2.17.so       00002B7F9C128555  __libc_start_main     Unknown  Unknown
INCS_Agis_test_1   00000000004064C9  Unknown               Unknown  Unknown
forrtl: severe (41): insufficient virtual memory
Image              PC                Routine            Line        Source             
libifcoremt.so.5   00002B1C02167753  for_allocate          Unknown  Unknown
INCS_Agis_test_1   000000000057EA7E  Unknown               Unknown  Unknown
INCS_Agis_test_1   00000000005B4B3D  Unknown               Unknown  Unknown
INCS_Agis_test_1   00000000005C8946  Unknown               Unknown  Unknown
INCS_Agis_test_1   00000000004065BE  Unknown               Unknown  Unknown
libc-2.17.so       00002B1C03603555  __libc_start_main     Unknown  Unknown
INCS_Agis_test_1   00000000004064C9  Unknown               Unknown  Unknown
forrtl: severe (41): insufficient virtual memory
Image              PC                Routine            Line        Source             
libifcoremt.so.5   00002ACB56113753  for_allocate          Unknown  Unknown
INCS_Agis_test_1   000000000057EA7E  Unknown               Unknown  Unknown
INCS_Agis_test_1   00000000005B4B3D  Unknown               Unknown  Unknown
INCS_Agis_test_1   00000000005C8946  Unknown               Unknown  Unknown
INCS_Agis_test_1   00000000004065BE  Unknown               Unknown  Unknown
libc-2.17.so       00002ACB575AF555  __libc_start_main     Unknown  Unknown
INCS_Agis_test_1   00000000004064C9  Unknown               Unknown  Unknown
forrtl: severe (41): insufficient virtual memory
Image              PC                Routine            Line        Source             
libifcoremt.so.5   00002B084F4DC753  for_allocate          Unknown  Unknown
INCS_Agis_test_1   000000000057EA7E  Unknown               Unknown  Unknown
INCS_Agis_test_1   00000000005B4B3D  Unknown               Unknown  Unknown
INCS_Agis_test_1   00000000005C8946  Unknown               Unknown  Unknown
INCS_Agis_test_1   00000000004065BE  Unknown               Unknown  Unknown
libc-2.17.so       00002B0850978555  __libc_start_main     Unknown  Unknown
INCS_Agis_test_1   00000000004064C9  Unknown               Unknown  Unknown
forrtl: severe (41): insufficient virtual memory
Image              PC                Routine            Line        Source             
libifcoremt.so.5   00002B4123D34753  for_allocate          Unknown  Unknown
INCS_Agis_test_1   000000000057EA7E  Unknown               Unknown  Unknown
INCS_Agis_test_1   00000000005B4B3D  Unknown               Unknown  Unknown
INCS_Agis_test_1   00000000005C8946  Unknown               Unknown  Unknown
INCS_Agis_test_1   00000000004065BE  Unknown               Unknown  Unknown
libc-2.17.so       00002B41251D0555  __libc_start_main     Unknown  Unknown
INCS_Agis_test_1   00000000004064C9  Unknown               Unknown  Unknown
forrtl: severe (41): insufficient virtual memory
Image              PC                Routine            Line        Source             
libifcoremt.so.5   00002B2A749C9753  for_allocate          Unknown  Unknown
INCS_Agis_test_1   000000000057EA7E  Unknown               Unknown  Unknown
INCS_Agis_test_1   00000000005B4B3D  Unknown               Unknown  Unknown
INCS_Agis_test_1   00000000005C8946  Unknown               Unknown  Unknown
INCS_Agis_test_1   00000000004065BE  Unknown               Unknown  Unknown
libc-2.17.so       00002B2A75E65555  __libc_start_main     Unknown  Unknown
INCS_Agis_test_1   00000000004064C9  Unknown               Unknown  Unknown
forrtl: severe (41): insufficient virtual memory
Image              PC                Routine            Line        Source             
libifcoremt.so.5   00002AEE7FCF1753  for_allocate          Unknown  Unknown
INCS_Agis_test_1   000000000057EA7E  Unknown               Unknown  Unknown
INCS_Agis_test_1   00000000005B4B3D  Unknown               Unknown  Unknown
INCS_Agis_test_1   00000000005C8946  Unknown               Unknown  Unknown
INCS_Agis_test_1   00000000004065BE  Unknown               Unknown  Unknown
libc-2.17.so       00002AEE8118D555  __libc_start_main     Unknown  Unknown
INCS_Agis_test_1   00000000004064C9  Unknown               Unknown  Unknown
forrtl: severe (41): insufficient virtual memory
Image              PC                Routine            Line        Source             
libifcoremt.so.5   00002B40522B6753  for_allocate          Unknown  Unknown
INCS_Agis_test_1   000000000057EA7E  Unknown               Unknown  Unknown
INCS_Agis_test_1   00000000005B4B3D  Unknown               Unknown  Unknown
INCS_Agis_test_1   00000000005C8946  Unknown               Unknown  Unknown
INCS_Agis_test_1   00000000004065BE  Unknown               Unknown  Unknown
libc-2.17.so       00002B4053752555  __libc_start_main     Unknown  Unknown
INCS_Agis_test_1   00000000004064C9  Unknown               Unknown  Unknown
forrtl: severe (41): insufficient virtual memory
Image              PC                Routine            Line        Source             
libifcoremt.so.5   00002BA9669F4753  for_allocate          Unknown  Unknown
INCS_Agis_test_1   000000000057EA7E  Unknown               Unknown  Unknown
INCS_Agis_test_1   00000000005B4B3D  Unknown               Unknown  Unknown
INCS_Agis_test_1   00000000005C8946  Unknown               Unknown  Unknown
INCS_Agis_test_1   00000000004065BE  Unknown               Unknown  Unknown
libc-2.17.so       00002BA967E90555  __libc_start_main     Unknown  Unknown
INCS_Agis_test_1   00000000004064C9  Unknown               Unknown  Unknown
forrtl: severe (41): insufficient virtual memory
Image              PC                Routine            Line        Source             
libifcoremt.so.5   00002B581E901753  for_allocate          Unknown  Unknown
INCS_Agis_test_1   000000000057EA7E  Unknown               Unknown  Unknown
INCS_Agis_test_1   00000000005B4B3D  Unknown               Unknown  Unknown
INCS_Agis_test_1   00000000005C8946  Unknown               Unknown  Unknown
INCS_Agis_test_1   00000000004065BE  Unknown               Unknown  Unknown
libc-2.17.so       00002B581FD9D555  __libc_start_main     Unknown  Unknown
INCS_Agis_test_1   00000000004064C9  Unknown               Unknown  Unknown
forrtl: severe (41): insufficient virtual memory
Image              PC                Routine            Line        Source             
libifcoremt.so.5   00002B50910C3753  for_allocate          Unknown  Unknown
INCS_Agis_test_1   000000000057EA7E  Unknown               Unknown  Unknown
INCS_Agis_test_1   00000000005B4B3D  Unknown               Unknown  Unknown
INCS_Agis_test_1   00000000005C8946  Unknown               Unknown  Unknown
INCS_Agis_test_1   00000000004065BE  Unknown               Unknown  Unknown
libc-2.17.so       00002B509255F555  __libc_start_main     Unknown  Unknown
INCS_Agis_test_1   00000000004064C9  Unknown               Unknown  Unknown
forrtl: severe (41): insufficient virtual memory
Image              PC                Routine            Line        Source             
libifcoremt.so.5   00002BA1EF936753  for_allocate          Unknown  Unknown
INCS_Agis_test_1   000000000057EA7E  Unknown               Unknown  Unknown
INCS_Agis_test_1   00000000005B4B3D  Unknown               Unknown  Unknown
INCS_Agis_test_1   00000000005C8946  Unknown               Unknown  Unknown
INCS_Agis_test_1   00000000004065BE  Unknown               Unknown  Unknown
libc-2.17.so       00002BA1F0DD2555  __libc_start_main     Unknown  Unknown
INCS_Agis_test_1   00000000004064C9  Unknown               Unknown  Unknown
forrtl: severe (41): insufficient virtual memory
Image              PC                Routine            Line        Source             
libifcoremt.so.5   00002AAE15DB9753  for_allocate          Unknown  Unknown
INCS_Agis_test_1   000000000057EA7E  Unknown               Unknown  Unknown
INCS_Agis_test_1   00000000005B4B3D  Unknown               Unknown  Unknown
INCS_Agis_test_1   00000000005C8946  Unknown               Unknown  Unknown
INCS_Agis_test_1   00000000004065BE  Unknown               Unknown  Unknown
libc-2.17.so       00002AAE17255555  __libc_start_main     Unknown  Unknown
INCS_Agis_test_1   00000000004064C9  Unknown               Unknown  Unknown
forrtl: severe (41): insufficient virtual memory
Image              PC                Routine            Line        Source             
libifcoremt.so.5   00002B6D5F067753  for_allocate          Unknown  Unknown
INCS_Agis_test_1   000000000057EA7E  Unknown               Unknown  Unknown
INCS_Agis_test_1   00000000005B4B3D  Unknown               Unknown  Unknown
INCS_Agis_test_1   00000000005C8946  Unknown               Unknown  Unknown
INCS_Agis_test_1   00000000004065BE  Unknown               Unknown  Unknown
libc-2.17.so       00002B6D60503555  __libc_start_main     Unknown  Unknown
INCS_Agis_test_1   00000000004064C9  Unknown               Unknown  Unknown
forrtl: severe (41): insufficient virtual memory
Image              PC                Routine            Line        Source             
libifcoremt.so.5   00002AEBEEA9B753  for_allocate          Unknown  Unknown
INCS_Agis_test_1   000000000057EA7E  Unknown               Unknown  Unknown
INCS_Agis_test_1   00000000005B4B3D  Unknown               Unknown  Unknown
INCS_Agis_test_1   00000000005C8946  Unknown               Unknown  Unknown
INCS_Agis_test_1   00000000004065BE  Unknown               Unknown  Unknown
libc-2.17.so       00002AEBEFF37555  __libc_start_main     Unknown  Unknown
INCS_Agis_test_1   00000000004064C9  Unknown               Unknown  Unknown
forrtl: severe (41): insufficient virtual memory
Image              PC                Routine            Line        Source             
libifcoremt.so.5   00002B2E744D5753  for_allocate          Unknown  Unknown
INCS_Agis_test_1   000000000057EA7E  Unknown               Unknown  Unknown
INCS_Agis_test_1   00000000005B4B3D  Unknown               Unknown  Unknown
INCS_Agis_test_1   00000000005C8946  Unknown               Unknown  Unknown
INCS_Agis_test_1   00000000004065BE  Unknown               Unknown  Unknown
libc-2.17.so       00002B2E75971555  __libc_start_main     Unknown  Unknown
INCS_Agis_test_1   00000000004064C9  Unknown               Unknown  Unknown
srun: error: awi13: tasks 1-55: Exited with exit code 41
